C51 COMPILER V9.51   VOICE                                                                 09/27/2013 10:58:45 PAGE 1   


C51 COMPILER V9.51, COMPILATION OF MODULE VOICE
OBJECT MODULE PLACED IN voice.OBJ
COMPILER INVOKED BY: D:\Program Files (x86)\keil\C51\BIN\C51.EXE voice.c ROM(COMPACT) BROWSE DEBUG OBJECTEXTEND

line level    source

   1          /*---------------------------------------------------
   2                  voice.c (v1.00)
   3                  
   4                  语音提示子程序
   5          ---------------------------------------------------*/
   6          
   7          #include "main.h"
   8          #include "port.h"
   9          
  10          #include "voice.h"
  11          #include "Delay.h"
  12             
  13          /*--------------------------------------------------
  14                  SC_Speech()
  15                  
  16                  调用语音芯片，播报语音提示，几次脉冲表示播放第
  17                  几段语音提示
  18          ---------------------------------------------------*/
  19          
  20          void SC_Speech(unsigned char cnt)
  21                  {
  22   1              unsigned char i;
  23   1              SC_RST=0;
  24   1              delay_ms(40);
  25   1              SC_RST=1;
  26   1              delay_ms(40);
  27   1              for(i=0;i < cnt;i++)
  28   1                      {
  29   2                      SC_DATA=1;      // 数据脉冲高
  30   2                      delay_us(350);  // 延时 100US
  31   2                      SC_DATA=0;      // 数据脉冲低
  32   2                      delay_us(350);  // 延时 100US
  33   2                      }
  34   1              }
  35          
  36          /*-------------------------------------------------
  37                  noVoice()
  38                  
  39                  在上电的时候调用，屏蔽语音的误报
  40          --------------------------------------------------*/
  41          
  42          void noVoice()
  43                  {
  44   1              P14=0;
  45   1              SC_DATA=0;
  46   1              SC_RST=0;
  47   1              delay_us(1000); //上电复位防止干扰发声
  48   1              SC_RST=1;
  49   1              delay_us(1000);
  50   1              P14=1;
  51   1              }
  52          
  53          /*---------------------------------------------------
  54                  end of file
  55          ----------------------------------------------------*/
C51 COMPILER V9.51   VOICE                                                                 09/27/2013 10:58:45 PAGE 2   



MODULE INFORMATION:   STATIC OVERLAYABLE
   CODE SIZE        =     78    ----
   CONSTANT SIZE    =   ----    ----
   XDATA SIZE       =   ----    ----
   PDATA SIZE       =   ----    ----
   DATA SIZE        =   ----       2
   IDATA SIZE       =   ----    ----
   BIT SIZE         =   ----    ----
END OF MODULE INFORMATION.


C51 COMPILATION COMPLETE.  0 WARNING(S),  0 ERROR(S)
