C51 COMPILER V9.01   T0                                                                    05/02/2013 09:45:21 PAGE 1   


C51 COMPILER V9.01, COMPILATION OF MODULE T0
OBJECT MODULE PLACED IN .\out\T0.obj
COMPILER INVOKED BY: d:\Keil\C51\BIN\C51.EXE T0.c LARGE BROWSE DEBUG OBJECTEXTEND PRINT(.\listing\T0.lst) OBJECT(.\out\T
                    -0.obj)

line level    source

   1          
   2           #include"N79E81x.h"
   3          #include"T0.h"
   4          
   5          
   6          void InitT0()
   7          {
   8   1              TMOD=0x21;//定时器0采用1方式
   9   1              TH0=timer0H;
  10   1              TL0=timer0L;
  11   1              TR0=1;
  12   1      }
  13          
  14          


MODULE INFORMATION:   STATIC OVERLAYABLE
   CODE SIZE        =     12    ----
   CONSTANT SIZE    =   ----    ----
   XDATA SIZE       =   ----    ----
   PDATA SIZE       =   ----    ----
   DATA SIZE        =   ----    ----
   IDATA SIZE       =   ----    ----
   BIT SIZE         =   ----    ----
END OF MODULE INFORMATION.


C51 COMPILATION COMPLETE.  0 WARNING(S),  0 ERROR(S)
