C51 COMPILER V9.01   VERIFYBATTERY                                                         08/18/2013 11:54:13 PAGE 1   


C51 COMPILER V9.01, COMPILATION OF MODULE VERIFYBATTERY
OBJECT MODULE PLACED IN .\out\verifybattery.obj
COMPILER INVOKED BY: D:\Program Files (x86)\keil\C51\BIN\C51.EXE verifybattery.c LARGE BROWSE DEBUG OBJECTEXTEND PRINT(.
                    -\listing\verifybattery.lst) OBJECT(.\out\verifybattery.obj)

line level    source

   1          void veryfybattery(void)
   2          {
   3   1              if((Check>=0x3a3))//设置比较电压，此处以4.96V为基准，大于47.4V（4.5V）
*** ERROR C202 IN LINE 3 OF VERIFYBATTERY.C: 'Check': undefined identifier
   4   1              {
   5   2                      PAshutdown=1;
*** ERROR C202 IN LINE 5 OF VERIFYBATTERY.C: 'PAshutdown': undefined identifier
   6   2                      SC_Speech(6);   //4V电量充足提示
   7   2                      Delay(130);
   8   2                      PAshutdown=0;
   9   2              }
  10   1          else if((Check<0x3a0)&&(Check>=0x37c))              //小于47.4，大于45（4.31V）
  11   1              {
  12   2                      PAshutdown=1;
  13   2                      SC_Speech(5);  //3.8V电量充足提示
  14   2                      Delay(130);
  15   2                      PAshutdown=0;
  16   2              }
  17   1              else if((Check<0x378)&&(Check>=0x359))           //小于45，大于43（4.14V）
  18   1              {
  19   2                      PAshutdown=1;
  20   2                      SC_Speech(4);  //3.6V电量充足提示
  21   2                      Delay(130);
  22   2                      PAshutdown=0;
  23   2              }
  24   1              else if((Check<0x355)&&(Check>=0x327))           //小于43，大于40（3.9V）
  25   1              {
  26   2                      PAshutdown=1;
  27   2                      SC_Speech(3);  //低于3.6v电量充足提示
  28   2                      Delay(130);
  29   2                      PAshutdown=0;
  30   2              }
  31   1              else if((Check<0x323)&&(Check>=0x304))            //小于40，大于38（3.73V）
  32   1              {
  33   2                      PAshutdown=1;
  34   2                      SC_Speech(2);  //低于3.6v电量充足提示
  35   2                      Delay(130);
  36   2                      PAshutdown=0;
  37   2              }
  38   1      }

C51 COMPILATION COMPLETE.  0 WARNING(S),  2 ERROR(S)
