C51 COMPILER V9.51   VOICE                                                                 09/17/2013 15:38:40 PAGE 1   


C51 COMPILER V9.51, COMPILATION OF MODULE VOICE
OBJECT MODULE PLACED IN .\out\voice.obj
COMPILER INVOKED BY: D:\Program Files (x86)\keil\C51\BIN\C51.EXE voice.c LARGE BROWSE DEBUG OBJECTEXTEND PRINT(.\listing
                    -\voice.lst) TABS(2) OBJECT(.\out\voice.obj)

line level    source

   1          #include  "N79E81x.h"
   2          #include  "voice.h"
   3          
   4          
   5          
   6          //延时 X 毫秒
   7          void delay_ms(unsigned char count)
   8          {
   9   1        unsigned char i;
  10   1        unsigned int j;
  11   1        for(i=0;i<count;i++)
  12   1        {
  13   2          for(j=0;j<500;j++);
  14   2        }
  15   1      }
  16          
  17          
  18          
  19          
  20          //延时 X 微秒
  21          void delay_us(unsigned int count1)
  22          {
  23   1        unsigned int i;
  24   1        unsigned char j;
  25   1        for(i=0;i<count1;i++)
  26   1        {
  27   2          for(j=0;j<20;j++);
  28   2        }
  29   1      }
  30          
  31          
  32          
  33          
  34          //控制地址段放音
  35          void SC_Speech(unsigned char cnt)
  36          {
  37   1        unsigned char i;
  38   1      //  SC_RST=1;
  39   1      //  delay_ms(15); //DAC, 大于 32 段为 15MS
  40   1        SC_RST=0;
  41   1        delay_ms(40);
  42   1        SC_RST=1;
  43   1        delay_ms(40);
  44   1        for(i=0;i < cnt;i++)
  45   1        {
  46   2          SC_DATA=1; // 数据脉冲高
  47   2      //    delay_us(350); // 延时 100US
  48   2          delay_us(30);
  49   2          SC_DATA=0; // 数据脉冲低
  50   2      //    delay_us(350); // 延时 100US
  51   2          delay_us(30);
  52   2        }
  53   1      }
  54          
C51 COMPILER V9.51   VOICE                                                                 09/17/2013 15:38:40 PAGE 2   

  55          void noVoice()
  56          {
  57   1        P14=0;
  58   1        SC_DATA=0;
  59   1        SC_RST=0;
  60   1        delay_us(100); // 上电复位防止干扰发声
  61   1        SC_RST=1;
  62   1        delay_us(100);
  63   1        P14=1;
  64   1      }
  65          
  66          
  67          ///************* 主程序 ****************/
  68          //void main (void)
  69          //{
  70          //
  71          //  P14=0;
  72          //  SC_DATA=0;
  73          //  SC_RST=1;
  74          //  delay_us(1000); // 上电复位防止干扰发声
  75          //  SC_RST=0;
  76          //  delay_us(1000);
  77          //  while(1)
  78          //  {
  79          //
  80          //
  81          //
  82          //    P14=1;
  83          //    SC_Speech(2); // 发 8 个触发信号 , 发第 8 段声音
  84          //
  85          //    
  86          //    delay_ms(5000); // 延时放音时间 5 秒
  87          //    P14=0;
  88          //
  89          //  }
  90          //}


MODULE INFORMATION:   STATIC OVERLAYABLE
   CODE SIZE        =    110    ----
   CONSTANT SIZE    =   ----    ----
   XDATA SIZE       =   ----    ----
   PDATA SIZE       =   ----    ----
   DATA SIZE        =   ----    ----
   IDATA SIZE       =   ----    ----
   BIT SIZE         =   ----    ----
END OF MODULE INFORMATION.


C51 COMPILATION COMPLETE.  0 WARNING(S),  0 ERROR(S)
