C51 COMPILER V9.01   AD                                                                    07/30/2013 09:59:07 PAGE 1   


C51 COMPILER V9.01, COMPILATION OF MODULE AD
OBJECT MODULE PLACED IN .\out\AD.obj
COMPILER INVOKED BY: D:\Program Files (x86)\keil\C51\BIN\C51.EXE AD.c BROWSE DEBUG OBJECTEXTEND PRINT(.\listing\AD.lst) 
                    -OBJECT(.\out\AD.obj)

line level    source

   1          
   2          #include"N79E81x.h"
   3          #include<intrins.h>
   4          #include"AD.h"
   5          
   6          /*
   7          函数名：Delay
   8          功能：延时
   9          说明：
  10          入口参数：WORD n
  11          返回值：无
  12          */
  13          void Delay(unsigned int n)
  14          {
  15   1              unsigned int x;
  16   1              while(n--)
  17   1              {
  18   2                      x=5000;
  19   2                      while(x--);
  20   2              }
  21   1      }
  22          
  23          
  24          
  25          /*
  26          函数名： void InitADC(void)
  27          功能：  初始化ADC
  28          说明：
  29          入口参数：无
  30          返回值：  无
  31          */
  32          //void InitADC(void)
  33          //{
  34          //      P1M0=0x03;
  35          //      P1M1=0x03;//设置P1.0和P1.1口为高阻态，进行AD
  36          //      P1=0xff;//初始化P1口
  37          //      ADC_DATA=0;
  38          //      ADC_CONTR=ADC_POWER|ADC_SPEEDLL;
  39          //      Delay(2);
  40          //}
  41          
  42          
  43          
  44          /*
  45          函数名：  GetADCResult
  46          功能：  读取指定通道的ADC转换值
  47          说明：
  48          入口参数： 指定的通道
  49          返回值：   读回的AD值
  50          */
  51          unsigned int GetADCResult(unsigned char ch)
  52          {
  53   1              unsigned char DataL=0;
  54   1              unsigned int DataH=0;
C51 COMPILER V9.01   AD                                                                    07/30/2013 09:59:07 PAGE 2   

  55   1              if(ch==5)//检测拾音器的电量大小
  56   1              {
  57   2                      P0DIDS|=0x20; // Set ADC0 (P0.5 default) is input only mode
  58   2      
  59   2                      AADR0=0;        //选择通道P0.5
  60   2                      AADR1=0;
  61   2                      AADR2=1;
  62   2                                                                                
  63   2                  ADCCON1|=0x80;                                          // Enable ADC Function   
  64   2                      
  65   2                      ADCI=0;                                           // Clear ADC flag (ADCI=0)
  66   2              ADCS=1;  
  67   2                      
  68   2                      DataL=ADCCON0;
  69   2                      DataL=DataL>>6; 
  70   2      
  71   2                      DataH=ADCH;
  72   2                      DataH=(DataH<<2)+DataL;
  73   2      
  74   2                      return DataH;
  75   2              }
  76   1              else if(ch==6) //电池检测
  77   1              {
  78   2                      P0DIDS|=0x40; // Set ADC0 (P0.6 default) is input only mode
  79   2      
  80   2                      AADR0=1;        //选择通道P0.5
  81   2                      AADR1=0;
  82   2                      AADR2=1;
  83   2                                                                                
  84   2                  ADCCON1|=0x80;                                          // Enable ADC Function   
  85   2                      
  86   2                      ADCI=0;                                           // Clear ADC flag (ADCI=0)
  87   2              ADCS=1;  
  88   2                      
  89   2                      DataL=ADCCON0;
  90   2                      DataL=DataL>>6; 
  91   2      
  92   2                      DataH=ADCH;
  93   2                      DataH=(DataH<<2)+DataL;
  94   2      
  95   2                      return DataH;
  96   2              }
  97   1      
  98   1      }
  99          
 100          
 101          
*** WARNING C291 IN LINE 98 OF AD.C: not every exit path returns a value


MODULE INFORMATION:   STATIC OVERLAYABLE
   CODE SIZE        =    143    ----
   CONSTANT SIZE    =   ----    ----
   XDATA SIZE       =   ----    ----
   PDATA SIZE       =   ----    ----
   DATA SIZE        =   ----    ----
   IDATA SIZE       =   ----    ----
   BIT SIZE         =   ----    ----
END OF MODULE INFORMATION.


C51 COMPILATION COMPLETE.  1 WARNING(S),  0 ERROR(S)
