C51 COMPILER V9.01   T0                                                                    08/24/2013 09:55:08 PAGE 1   


C51 COMPILER V9.01, COMPILATION OF MODULE T0
OBJECT MODULE PLACED IN .\out\T0.obj
COMPILER INVOKED BY: D:\Program Files (x86)\keil\C51\BIN\C51.EXE T0.c ROM(COMPACT) BROWSE DEBUG OBJECTEXTEND PRINT(.\lis
                    -ting\T0.lst) OBJECT(.\out\T0.obj)

line level    source

   1          
   2           #include"N79E81x.h"
   3          #include<intrins.h>
   4          #include"T0.h"
   5          
   6          void InitT0()
   7          {
   8   1      //      TMOD=0x21;//定时器0采用1方式
   9   1              TMOD=0x11;//定时器0采用1方式
  10   1              TH0=timer0H;//
  11   1              TL0=timer0L;
  12   1              TR0=1;
  13   1      }
  14          
  15          


MODULE INFORMATION:   STATIC OVERLAYABLE
   CODE SIZE        =     12    ----
   CONSTANT SIZE    =   ----    ----
   XDATA SIZE       =   ----    ----
   PDATA SIZE       =   ----    ----
   DATA SIZE        =   ----    ----
   IDATA SIZE       =   ----    ----
   BIT SIZE         =   ----    ----
END OF MODULE INFORMATION.


C51 COMPILATION COMPLETE.  0 WARNING(S),  0 ERROR(S)
