C51 COMPILER V9.51   OTHER                                                                 11/04/2013 10:31:59 PAGE 1   


C51 COMPILER V9.51, COMPILATION OF MODULE OTHER
OBJECT MODULE PLACED IN Other.OBJ
COMPILER INVOKED BY: D:\Program Files (x86)\keil\C51\BIN\C51.EXE Other.c BROWSE DEBUG OBJECTEXTEND TABS(3)

line level    source

   1          /*---------------------------------------------------
   2             Other.c (v1.00)
   3             
   4             其他程序
   5          ---------------------------------------------------*/
   6          
   7          #include "main.h"
   8          #include "port.h"
   9          
  10          #include "Other.h"
  11          #include "Delay.h"
  12          
  13          /*-------------------------------------------------------
  14             magnet_CW()
  15             电磁铁正转，顺时针
  16          --------------------------------------------------------*/
  17          void magnet_CW(void)
  18             {
  19   1         MagentControl_1=1;//关闭磁铁
  20   1         MagentControl_2=0;
  21   1         Delay(40);
  22   1         MagentControl_1=0;//磁铁常态为这种模式
  23   1         MagentControl_2=0;
  24   1         }
  25          
  26          /*-------------------------------------------------------
  27             magnet_ACW()
  28             电磁铁反转，逆时针
  29          --------------------------------------------------------*/
  30          void magnet_ACW(void)
  31             {
  32   1         MagentControl_1=0;//开启磁铁
  33   1         MagentControl_2=1;
  34   1         Delay(40);
  35   1         MagentControl_1=0;//磁铁常态为这种模式
  36   1         MagentControl_2=0;
  37   1         }
  38          /*---------------------------------------------------
  39             end of file
  40          ----------------------------------------------------*/


MODULE INFORMATION:   STATIC OVERLAYABLE
   CODE SIZE        =     32    ----
   CONSTANT SIZE    =   ----    ----
   XDATA SIZE       =   ----    ----
   PDATA SIZE       =   ----    ----
   DATA SIZE        =   ----    ----
   IDATA SIZE       =   ----    ----
   BIT SIZE         =   ----    ----
END OF MODULE INFORMATION.


C51 COMPILATION COMPLETE.  0 WARNING(S),  0 ERROR(S)
