C51 COMPILER V9.51   PWM                                                                   12/05/2013 14:04:14 PAGE 1   


C51 COMPILER V9.51, COMPILATION OF MODULE PWM
OBJECT MODULE PLACED IN PWM.OBJ
COMPILER INVOKED BY: D:\Program Files (x86)\keil\C51\BIN\C51.EXE PWM.c BROWSE DEBUG OBJECTEXTEND TABS(3)

line level    source

   1          /*---------------------------------------------------
   2             pwm.c (v1.00)
   3             
   4             方波输出功能
   5          ---------------------------------------------------*/
   6          
   7          #include "main.h"
   8          #include "port.h"
   9          
  10          #include "pwm.h"
  11          
  12          UINT16 PWM_shadow;
  13          
  14          /*---------------------------------------------------
  15             Init_PWM()
  16             
  17             初始化方波输出功能
  18          ----------------------------------------------------*/
  19          
  20          void Init_PWM(void)
  21          {    
  22   1          PWMCON0 = 0xC0;                     // Enable PWM and select auto reload mode    
  23   1      
  24   1          PWM_shadow = PWMP;
  25   1          PWMPH = HIBYTE(PWM_shadow);         // PWM Period
  26   1          PWMPL = LOBYTE(PWM_shadow);                               
  27   1      }
  28          
  29          /*---------------------------------------------------
  30             PWM_Channel()
  31             
  32             选择PWM方波输出的通道
  33          ----------------------------------------------------*/
  34          
  35          void PWM_Channel(E_PWMCNL_SEL Channel)  //选择PWM输出通道
  36          {
  37   1          switch(Channel)
  38   1          {
  39   2              case E_CHANNEL0:
  40   2                  PWM_shadow=PWM0_Duty;
  41   2                  PWM0H = HIBYTE(PWM_shadow);// PWM0 Duty (P0.1)
  42   2                  PWM0L = LOBYTE(PWM_shadow);
  43   2                  break;
  44   2              case E_CHANNEL1:
  45   2                  PWM_shadow=PWM1_Duty;
  46   2                  PWM1H = HIBYTE(PWM_shadow);// PWM1 Duty (P1.6)
  47   2                  PWM1L = LOBYTE(PWM_shadow);
  48   2                  break;
  49   2              case E_CHANNEL2:
  50   2                  PWM_shadow=PWM2_Duty;
  51   2                  PWM2H = HIBYTE(PWM_shadow);// PWM2 Duty (P1.7)
  52   2                  PWM2L = LOBYTE(PWM_shadow);
  53   2                  break;
  54   2              case E_CHANNEL3:
  55   2                  PWM_shadow=PWM3_Duty;
C51 COMPILER V9.51   PWM                                                                   12/05/2013 14:04:14 PAGE 2   

  56   2                  PWM3H = HIBYTE(PWM_shadow);// PWM3 Duty (P0.0)
  57   2                  PWM3L = LOBYTE(PWM_shadow);
  58   2                  break; 
  59   2          }
  60   1      }
  61          
  62          /*-------------------------------------------------------
  63             myPwm()
  64             
  65             方波输出打开
  66          --------------------------------------------------------*/
  67          
  68          void myPwm()
  69          {
  70   1         PWM_Channel(E_CHANNEL0);           // Select PWM channel.
  71   1         Init_PWM();                        // Enable PWM function and set PWM period.  
  72   1      }
  73          
  74          /*---------------------------------------------------
  75             end of file
  76          ----------------------------------------------------*/ 


MODULE INFORMATION:   STATIC OVERLAYABLE
   CODE SIZE        =    100    ----
   CONSTANT SIZE    =   ----    ----
   XDATA SIZE       =   ----    ----
   PDATA SIZE       =   ----    ----
   DATA SIZE        =      2    ----
   IDATA SIZE       =   ----    ----
   BIT SIZE         =   ----    ----
END OF MODULE INFORMATION.


C51 COMPILATION COMPLETE.  0 WARNING(S),  0 ERROR(S)
